{"/home/plinioduartt/projects/swagger-node/src/commons/constants.ts": {"path":"/home/plinioduartt/projects/swagger-node/src/commons/constants.ts","statementMap":{"0":{"start":{"line":1,"column":0},"end":{"line":1,"column":50}},"1":{"start":{"line":5,"column":0},"end":{"line":5,"column":null}},"2":{"start":{"line":6,"column":1},"end":{"line":6,"column":null}},"3":{"start":{"line":8,"column":23},"end":{"line":8,"column":30}},"4":{"start":{"line":9,"column":13},"end":{"line":20,"column":null}}},"fnMap":{"0":{"name":"(anonymous_0)","decl":{"start":{"line":5,"column":0},"end":{"line":5,"column":12}},"loc":{"start":{"line":5,"column":28},"end":{"line":7,"column":1}}}},"branchMap":{"0":{"loc":{"start":{"line":5,"column":12},"end":{"line":5,"column":null}},"type":"binary-expr","locations":[{"start":{"line":5,"column":12},"end":{"line":5,"column":28}},{"start":{"line":5,"column":12},"end":{"line":5,"column":null}}]}},"s":{"0":1,"1":1,"2":1,"3":1,"4":1},"f":{"0":1},"b":{"0":[1,1]}}
,"/home/plinioduartt/projects/swagger-node/src/commons/index.ts": {"path":"/home/plinioduartt/projects/swagger-node/src/commons/index.ts","statementMap":{"0":{"start":{"line":1,"column":0},"end":{"line":1,"column":27}}},"fnMap":{},"branchMap":{},"s":{"0":1},"f":{},"b":{}}
,"/home/plinioduartt/projects/swagger-node/src/openapi/document.ts": {"path":"/home/plinioduartt/projects/swagger-node/src/openapi/document.ts","statementMap":{"0":{"start":{"line":1,"column":0},"end":{"line":1,"column":87}},"1":{"start":{"line":5,"column":19},"end":{"line":5,"column":null}},"2":{"start":{"line":8,"column":4},"end":{"line":8,"column":null}},"3":{"start":{"line":16,"column":4},"end":{"line":16,"column":null}},"4":{"start":{"line":24,"column":4},"end":{"line":24,"column":null}},"5":{"start":{"line":32,"column":4},"end":{"line":32,"column":null}},"6":{"start":{"line":4,"column":0},"end":{"line":4,"column":13}}},"fnMap":{"0":{"name":"(anonymous_0)","decl":{"start":{"line":4,"column":0},"end":{"line":4,"column":13}},"loc":{"start":{"line":4,"column":0},"end":{"line":34,"column":1}}},"1":{"name":"(anonymous_1)","decl":{"start":{"line":7,"column":2},"end":{"line":7,"column":18}},"loc":{"start":{"line":7,"column":18},"end":{"line":9,"column":3}}},"2":{"name":"(anonymous_2)","decl":{"start":{"line":15,"column":1},"end":{"line":15,"column":11}},"loc":{"start":{"line":15,"column":38},"end":{"line":17,"column":3}}},"3":{"name":"(anonymous_3)","decl":{"start":{"line":23,"column":2},"end":{"line":23,"column":9}},"loc":{"start":{"line":23,"column":23},"end":{"line":25,"column":3}}},"4":{"name":"(anonymous_4)","decl":{"start":{"line":31,"column":2},"end":{"line":31,"column":12}},"loc":{"start":{"line":31,"column":29},"end":{"line":33,"column":3}}}},"branchMap":{},"s":{"0":1,"1":4,"2":4,"3":1,"4":1,"5":1,"6":1},"f":{"0":4,"1":4,"2":1,"3":1,"4":1},"b":{}}
,"/home/plinioduartt/projects/swagger-node/src/openapi/index.ts": {"path":"/home/plinioduartt/projects/swagger-node/src/openapi/index.ts","statementMap":{"0":{"start":{"line":1,"column":0},"end":{"line":1,"column":26}}},"fnMap":{},"branchMap":{},"s":{"0":1},"f":{},"b":{}}
}
